生成启动时间为 2018/12/16 11:27:39。
     1>项目“E:\VS_Project\paperCode\writelog\writelog\writelog.vcxproj”在节点 2 上(rebuild 个目标)。
     1>CoreClean:
         rmdir /s /q E:\VS_Project\paperCode\writelog\writelog\\objchk_win7_x86
         E:\VS_Project\paperCode\writelog\writelog\\objchk_win7_x86\writelog.log - 另一个程序正在使用此文件，进程无法访问。
       Rebuild:
         rmdir /s /q E:\VS_Project\paperCode\writelog\writelog\\objchk_win7_x86
         call D:\WINDDK\7600.16385.1\bin\setenv.bat D:\WINDDK\7600.16385.1 chk win7
         cd /d E:\VS_Project\paperCode\writelog\writelog\
         build
         E:\VS_Project\paperCode\writelog\writelog\\objchk_win7_x86\writelog.log - 另一个程序正在使用此文件，进程无法访问。
         OACR monitor running already
         path contains nonexistant c:\program files (x86)\microsoft visual studio 10.0\common7\tools\bin, removing
         path contains nonexistant e:\android\sdk\ndk-bundle, removing
         path contains nonexistant e:\android\sdk\cmake\3.6.4111459\bin\, removing
         path contains nonexistant d:\program files\microsoft vs code\bin, removing
         BUILD: Compile and Link for x86
         
         BUILD: Loading d:\winddk\7600.16385.1\build.dat...
         
         BUILD: Computing Include file dependencies:
         
         BUILD: Start time: Sun Dec 16 11:27:40 2018
         BUILD: Examining e:\vs_project\papercode\writelog\writelog directory for files to compile.
         
             e:\vs_project\papercode\writelog\writelog 
         
         Invalidating OACR warning log for 'root:x86chk'
         BUILD: Saving d:\winddk\7600.16385.1\build.dat...
         
         BUILD: Compiling and Linking e:\vs_project\papercode\writelog\writelog directory
         
         Configuring OACR for 'root:x86chk' - <OACR on>
         Compiling - stdafx.cpp
         Compiling - writelog.cpp
         Compiling - generating code...
         Linking Executable - objchk_win7_x86\i386\writelog.sys
         BUILD: Finish time: Sun Dec 16 11:27:45 2018
         BUILD: Done
         
         
         
             4 files compiled - 8 Warnings - 617 LPS
         
             1 executable built
         
     1>已完成生成项目“E:\VS_Project\paperCode\writelog\writelog\writelog.vcxproj”(rebuild 个目标)的操作。

生成成功。

已用时间 00:00:06.21
